# JRE version: OpenJDK Runtime Environment Temurin-17.0.12+7 (17.0.12+7) (build 17.0.12+7)
# Java VM: OpenJDK 64-Bit Server VM Temurin-17.0.12+7 (17.0.12+7, mixed mode, emulated-client, tiered, compressed oops, compressed class ptrs, g1 gc, windows-amd64)
GC Precious Log:
 CPUs: 8 total, 8 available
 Memory: 12010M
 Large Page Support: Disabled
 NUMA Support: Disabled
 Compressed Oops: Enabled (32-bit)
 Heap Region Size: 1M
 Heap Min Capacity: 8M
 Heap Initial Capacity: 188M
 Heap Max Capacity: 1G
 Pre-touch: Disabled
 Parallel Workers: 8
 Concurrent Workers: 2
 Concurrent Refinement Workers: 8
 Periodic GC: Disabled
Heap:
 garbage-first heap   total 91136K, used 38468K [0x00000000c0000000, 0x0000000100000000)
  region size 1024K, 1 young (1024K), 0 survivors (0K)
 Metaspace       used 61172K, committed 61632K, reserved 1114112K
  class space    used 7686K, committed 7872K, reserved 1048576K
GC Heap History (20 events):
Event: 9199.299 GC heap after
{Heap after GC invocations=688 (full 586):
 garbage-first heap   total 91136K, used 38468K [0x00000000c0000000, 0x0000000100000000)
  region size 1024K, 0 young (0K), 0 survivors (0K)
 Metaspace       used 61172K, committed 61632K, reserved 1114112K
  class space    used 7686K, committed 7872K, reserved 1048576K
}
Event: 9209.516 GC heap before
{Heap before GC invocations=688 (full 586):
 garbage-first heap   total 91136K, used 38468K [0x00000000c0000000, 0x0000000100000000)
  region size 1024K, 1 young (1024K), 0 survivors (0K)
 Metaspace       used 61172K, committed 61632K, reserved 1114112K
  class space    used 7686K, committed 7872K, reserved 1048576K
}
Event: 9209.578 GC heap after
{Heap after GC invocations=689 (full 587):
 garbage-first heap   total 91136K, used 38468K [0x00000000c0000000, 0x0000000100000000)
  region size 1024K, 0 young (0K), 0 survivors (0K)
 Metaspace       used 61172K, committed 61632K, reserved 1114112K
  class space    used 7686K, committed 7872K, reserved 1048576K
}
Event: 9219.799 GC heap before
{Heap before GC invocations=689 (full 587):
 garbage-first heap   total 91136K, used 38468K [0x00000000c0000000, 0x0000000100000000)
  region size 1024K, 1 young (1024K), 0 survivors (0K)
 Metaspace       used 61172K, committed 61632K, reserved 1114112K
  class space    used 7686K, committed 7872K, reserved 1048576K
}
Event: 9219.845 GC heap after
{Heap after GC invocations=690 (full 588):
 garbage-first heap   total 91136K, used 38468K [0x00000000c0000000, 0x0000000100000000)
  region size 1024K, 0 young (0K), 0 survivors (0K)
 Metaspace       used 61172K, committed 61632K, reserved 1114112K
  class space    used 7686K, committed 7872K, reserved 1048576K
}
Event: 9230.073 GC heap before
{Heap before GC invocations=690 (full 588):
 garbage-first heap   total 91136K, used 38468K [0x00000000c0000000, 0x0000000100000000)
  region size 1024K, 1 young (1024K), 0 survivors (0K)
 Metaspace       used 61172K, committed 61632K, reserved 1114112K
  class space    used 7686K, committed 7872K, reserved 1048576K
}
Event: 9230.123 GC heap after
{Heap after GC invocations=691 (full 589):
 garbage-first heap   total 91136K, used 38468K [0x00000000c0000000, 0x0000000100000000)
  region size 1024K, 0 young (0K), 0 survivors (0K)
 Metaspace       used 61172K, committed 61632K, reserved 1114112K
  class space    used 7686K, committed 7872K, reserved 1048576K
}
Event: 9240.359 GC heap before
{Heap before GC invocations=691 (full 589):
 garbage-first heap   total 91136K, used 38468K [0x00000000c0000000, 0x0000000100000000)
  region size 1024K, 1 young (1024K), 0 survivors (0K)
 Metaspace       used 61172K, committed 61632K, reserved 1114112K
  class space    used 7686K, committed 7872K, reserved 1048576K
}
Event: 9240.404 GC heap after
{Heap after GC invocations=692 (full 590):
 garbage-first heap   total 91136K, used 38468K [0x00000000c0000000, 0x0000000100000000)
  region size 1024K, 0 young (0K), 0 survivors (0K)
 Metaspace       used 61172K, committed 61632K, reserved 1114112K
  class space    used 7686K, committed 7872K, reserved 1048576K
}
Event: 9250.607 GC heap before
{Heap before GC invocations=692 (full 590):
 garbage-first heap   total 91136K, used 38468K [0x00000000c0000000, 0x0000000100000000)
  region size 1024K, 1 young (1024K), 0 survivors (0K)
 Metaspace       used 61172K, committed 61632K, reserved 1114112K
  class space    used 7686K, committed 7872K, reserved 1048576K
}
Event: 9250.662 GC heap after
{Heap after GC invocations=693 (full 591):
 garbage-first heap   total 91136K, used 38468K [0x00000000c0000000, 0x0000000100000000)
  region size 1024K, 0 young (0K), 0 survivors (0K)
 Metaspace       used 61172K, committed 61632K, reserved 1114112K
  class space    used 7686K, committed 7872K, reserved 1048576K
}
Event: 9260.919 GC heap before
{Heap before GC invocations=693 (full 591):
 garbage-first heap   total 91136K, used 38468K [0x00000000c0000000, 0x0000000100000000)
  region size 1024K, 1 young (1024K), 0 survivors (0K)
 Metaspace       used 61172K, committed 61632K, reserved 1114112K
  class space    used 7686K, committed 7872K, reserved 1048576K
}
Event: 9260.971 GC heap after
{Heap after GC invocations=694 (full 592):
 garbage-first heap   total 91136K, used 38468K [0x00000000c0000000, 0x0000000100000000)
  region size 1024K, 0 young (0K), 0 survivors (0K)
 Metaspace       used 61172K, committed 61632K, reserved 1114112K
  class space    used 7686K, committed 7872K, reserved 1048576K
}
Event: 9271.159 GC heap before
{Heap before GC invocations=694 (full 592):
 garbage-first heap   total 91136K, used 38468K [0x00000000c0000000, 0x0000000100000000)
  region size 1024K, 1 young (1024K), 0 survivors (0K)
 Metaspace       used 61172K, committed 61632K, reserved 1114112K
  class space    used 7686K, committed 7872K, reserved 1048576K
}
Event: 9271.226 GC heap after
{Heap after GC invocations=695 (full 593):
 garbage-first heap   total 91136K, used 38468K [0x00000000c0000000, 0x0000000100000000)
  region size 1024K, 0 young (0K), 0 survivors (0K)
 Metaspace       used 61172K, committed 61632K, reserved 1114112K
  class space    used 7686K, committed 7872K, reserved 1048576K
}
Event: 9281.426 GC heap before
{Heap before GC invocations=695 (full 593):
 garbage-first heap   total 91136K, used 38468K [0x00000000c0000000, 0x0000000100000000)
  region size 1024K, 1 young (1024K), 0 survivors (0K)
 Metaspace       used 61172K, committed 61632K, reserved 1114112K
  class space    used 7686K, committed 7872K, reserved 1048576K
}
Event: 9281.480 GC heap after
{Heap after GC invocations=696 (full 594):
 garbage-first heap   total 91136K, used 38468K [0x00000000c0000000, 0x0000000100000000)
  region size 1024K, 0 young (0K), 0 survivors (0K)
 Metaspace       used 61172K, committed 61632K, reserved 1114112K
  class space    used 7686K, committed 7872K, reserved 1048576K
}
Event: 9291.684 GC heap before
{Heap before GC invocations=696 (full 594):
 garbage-first heap   total 91136K, used 38468K [0x00000000c0000000, 0x0000000100000000)
  region size 1024K, 1 young (1024K), 0 survivors (0K)
 Metaspace       used 61172K, committed 61632K, reserved 1114112K
  class space    used 7686K, committed 7872K, reserved 1048576K
}
Event: 9291.728 GC heap after
{Heap after GC invocations=697 (full 595):
 garbage-first heap   total 91136K, used 38468K [0x00000000c0000000, 0x0000000100000000)
  region size 1024K, 0 young (0K), 0 survivors (0K)
 Metaspace       used 61172K, committed 61632K, reserved 1114112K
  class space    used 7686K, committed 7872K, reserved 1048576K
}
Event: 9302.016 GC heap before
{Heap before GC invocations=697 (full 595):
 garbage-first heap   total 91136K, used 38468K [0x00000000c0000000, 0x0000000100000000)
  region size 1024K, 1 young (1024K), 0 survivors (0K)
 Metaspace       used 61172K, committed 61632K, reserved 1114112K
  class space    used 7686K, committed 7872K, reserved 1048576K
}

